<?xml version="1.0" encoding="UTF-8"?>
<testsuite name="com.aor.numbers.ListFiltererTest" tests="1" skipped="0" failures="0" errors="0" timestamp="2022-10-26T11:42:14" hostname="du-Lenovo-YOGA-730-13IKB" time="0.061">
  <properties/>
  <testcase name="divisible_filter()" classname="com.aor.numbers.ListFiltererTest" time="0.061"/>
  <system-out><![CDATA[]]></system-out>
  <system-err><![CDATA[]]></system-err>
</testsuite>
