<?xml version="1.0" encoding="UTF-8"?>
<testsuite name="com.aor.numbers.ListDeduplicatorTest" tests="2" skipped="0" failures="0" errors="0" timestamp="2022-10-19T11:27:48" hostname="du-Lenovo-YOGA-730-13IKB" time="0.037">
  <properties/>
  <testcase name="distinct_bug_8726()" classname="com.aor.numbers.ListDeduplicatorTest" time="0.034"/>
  <testcase name="deduplicate()" classname="com.aor.numbers.ListDeduplicatorTest" time="0.002"/>
  <system-out><![CDATA[]]></system-out>
  <system-err><![CDATA[]]></system-err>
</testsuite>
