<?xml version="1.0" encoding="UTF-8"?>
<testsuite name="com.aor.numbers.ListSorterTest" tests="2" skipped="0" failures="0" errors="0" timestamp="2022-10-19T11:01:31" hostname="du-Lenovo-YOGA-730-13IKB" time="0.002">
  <properties/>
  <testcase name="another_test()" classname="com.aor.numbers.ListSorterTest" time="0.001"/>
  <testcase name="sort()" classname="com.aor.numbers.ListSorterTest" time="0.001"/>
  <system-out><![CDATA[]]></system-out>
  <system-err><![CDATA[]]></system-err>
</testsuite>
