<?xml version="1.0" encoding="UTF-8"?>
<testsuite name="com.aor.numbers.ListDeduplicatorTest" tests="2" skipped="0" failures="0" errors="0" timestamp="2022-10-15T12:57:17" hostname="du-Lenovo-YOGA-730-13IKB" time="0.016">
  <properties/>
  <testcase name="distinct_bug_8726()" classname="com.aor.numbers.ListDeduplicatorTest" time="0.008"/>
  <testcase name="deduplicate()" classname="com.aor.numbers.ListDeduplicatorTest" time="0.004"/>
  <system-out><![CDATA[]]></system-out>
  <system-err><![CDATA[]]></system-err>
</testsuite>
